<?xml version="1.0" encoding="utf-8"?><testsuites name="pytest tests"><testsuite name="pytest" errors="0" failures="0" skipped="0" tests="24" time="7.921" timestamp="2026-05-18T14:38:43.683737+00:00" hostname="agent-env-84a45acc-c5cb-44a1-a14c-d677f00def51"><testcase classname="backend.tests.backend_test.TestHealth" name="test_root" time="1.277" /><testcase classname="backend.tests.backend_test.TestHealth" name="test_stats" time="0.132" /><testcase classname="backend.tests.backend_test.TestJobs" name="test_list_jobs_seeded" time="0.143" /><testcase classname="backend.tests.backend_test.TestJobs" name="test_filter_by_q" time="0.107" /><testcase classname="backend.tests.backend_test.TestJobs" name="test_filter_by_type_workplace_experience" time="0.105" /><testcase classname="backend.tests.backend_test.TestJobs" name="test_filter_by_location" time="0.104" /><testcase classname="backend.tests.backend_test.TestJobs" name="test_get_job_by_id" time="0.266" /><testcase classname="backend.tests.backend_test.TestJobs" name="test_get_job_404" time="0.144" /><testcase classname="backend.tests.backend_test.TestAuth" name="test_login_demo_seeker_sets_cookie" time="0.328" /><testcase classname="backend.tests.backend_test.TestAuth" name="test_login_demo_employer" time="0.339" /><testcase classname="backend.tests.backend_test.TestAuth" name="test_login_invalid" time="0.340" /><testcase classname="backend.tests.backend_test.TestAuth" name="test_me_requires_auth" time="1.076" /><testcase classname="backend.tests.backend_test.TestAuth" name="test_me_with_cookie" time="0.379" /><testcase classname="backend.tests.backend_test.TestAuth" name="test_register_new_seeker_and_employer" time="0.760" /><testcase classname="backend.tests.backend_test.TestAuth" name="test_register_duplicate" time="0.112" /><testcase classname="backend.tests.backend_test.TestAuth" name="test_logout_clears_cookie" time="0.417" /><testcase classname="backend.tests.backend_test.TestProfile" name="test_update_profile" time="0.105" /><testcase classname="backend.tests.backend_test.TestEmployerJobs" name="test_seeker_cannot_post_job" time="0.060" /><testcase classname="backend.tests.backend_test.TestEmployerJobs" name="test_employer_can_post_and_list" time="0.486" /><testcase classname="backend.tests.backend_test.TestApplications" name="test_seeker_apply_and_dedup" time="0.289" /><testcase classname="backend.tests.backend_test.TestApplications" name="test_seeker_my_applications" time="0.049" /><testcase classname="backend.tests.backend_test.TestApplications" name="test_employer_applications_and_stage_progression" time="0.292" /><testcase classname="backend.tests.backend_test.TestSavedJobs" name="test_save_unsave_flow" time="0.313" /><testcase classname="backend.tests.backend_test.TestAlerts" name="test_create_list_delete_alert" time="0.207" /></testsuite></testsuites>